Copyright 1986-2020 Xilinx, Inc. All Rights Reserved.
------------------------------------------------------------------------------------------------------------------------------------------
| Tool Version : Vivado v.2020.2 (win64) Build 3064766 Wed Nov 18 09:12:45 MST 2020
| Date         : Sun May  5 00:18:15 2024
| Host         : ABHIJEET running 64-bit major release  (build 9200)
| Command      : report_drc -file design_2_wrapper_drc_routed.rpt -pb design_2_wrapper_drc_routed.pb -rpx design_2_wrapper_drc_routed.rpx
| Design       : design_2_wrapper
| Device       : xc7z020clg400-1
| Speed File   : -1
| Design State : Fully Routed
------------------------------------------------------------------------------------------------------------------------------------------

Report DRC

Table of Contents
-----------------
1. REPORT SUMMARY
2. REPORT DETAILS

1. REPORT SUMMARY
-----------------
            Netlist: netlist
          Floorplan: design_1
      Design limits: <entire design considered>
           Ruledeck: default
             Max violations: <unlimited>
             Violations found: 13
+--------+----------+------------------------+------------+
| Rule   | Severity | Description            | Violations |
+--------+----------+------------------------+------------+
| DPIP-1 | Warning  | Input pipelining       | 5          |
| DPOP-1 | Warning  | PREG Output pipelining | 3          |
| DPOP-2 | Warning  | MREG Output pipelining | 5          |
+--------+----------+------------------------+------------+

2. REPORT DETAILS
-----------------
DPIP-1#1 Warning
Input pipelining  
DSP design_2_i/YOLO2_FPGA_0/inst/grp_intra_pingpong_wrapper_fu_1100/grp_compute3_fu_1212/mac_muladd_6ns_7ns_7ns_12_4_1_U166/YOLO2_FPGA_mac_muladd_6ns_7ns_7ns_12_4_1_DSP48_3_U/p_reg_reg input design_2_i/YOLO2_FPGA_0/inst/grp_intra_pingpong_wrapper_fu_1100/grp_compute3_fu_1212/mac_muladd_6ns_7ns_7ns_12_4_1_U166/YOLO2_FPGA_mac_muladd_6ns_7ns_7ns_12_4_1_DSP48_3_U/p_reg_reg/C[47:0] is not pipelined. Pipelining DSP48 input will improve performance.
Related violations: <none>

DPIP-1#2 Warning
Input pipelining  
DSP design_2_i/YOLO2_FPGA_0/inst/grp_intra_pingpong_wrapper_fu_1100/grp_copy_input_weight_fu_1620/grp_input_load_fu_1484/mac_muladd_6ns_7ns_7ns_12_4_1_U33/YOLO2_FPGA_mac_muladd_6ns_7ns_7ns_12_4_1_DSP48_3_U/p_reg_reg input design_2_i/YOLO2_FPGA_0/inst/grp_intra_pingpong_wrapper_fu_1100/grp_copy_input_weight_fu_1620/grp_input_load_fu_1484/mac_muladd_6ns_7ns_7ns_12_4_1_U33/YOLO2_FPGA_mac_muladd_6ns_7ns_7ns_12_4_1_DSP48_3_U/p_reg_reg/C[47:0] is not pipelined. Pipelining DSP48 input will improve performance.
Related violations: <none>

DPIP-1#3 Warning
Input pipelining  
DSP design_2_i/YOLO2_FPGA_0/inst/grp_intra_pingpong_wrapper_fu_1100/grp_pool_yolo24_fu_1874/mac_muladd_6ns_7ns_12ns_12_4_1_U150/YOLO2_FPGA_mac_muladd_6ns_7ns_12ns_12_4_1_DSP48_5_U/p_reg_reg input design_2_i/YOLO2_FPGA_0/inst/grp_intra_pingpong_wrapper_fu_1100/grp_pool_yolo24_fu_1874/mac_muladd_6ns_7ns_12ns_12_4_1_U150/YOLO2_FPGA_mac_muladd_6ns_7ns_12ns_12_4_1_DSP48_5_U/p_reg_reg/C[47:0] is not pipelined. Pipelining DSP48 input will improve performance.
Related violations: <none>

DPIP-1#4 Warning
Input pipelining  
DSP design_2_i/YOLO2_FPGA_0/inst/grp_intra_pingpong_wrapper_fu_1100/mac_muladd_6ns_7ns_8ns_12_4_1_U389/YOLO2_FPGA_mac_muladd_6ns_7ns_8ns_12_4_1_DSP48_8_U/p_reg_reg input design_2_i/YOLO2_FPGA_0/inst/grp_intra_pingpong_wrapper_fu_1100/mac_muladd_6ns_7ns_8ns_12_4_1_U389/YOLO2_FPGA_mac_muladd_6ns_7ns_8ns_12_4_1_DSP48_8_U/p_reg_reg/C[47:0] is not pipelined. Pipelining DSP48 input will improve performance.
Related violations: <none>

DPIP-1#5 Warning
Input pipelining  
DSP design_2_i/YOLO2_FPGA_0/inst/grp_intra_pingpong_wrapper_fu_1100/mac_muladd_6ns_7ns_8ns_12_4_1_U391/YOLO2_FPGA_mac_muladd_6ns_7ns_8ns_12_4_1_DSP48_8_U/p_reg_reg input design_2_i/YOLO2_FPGA_0/inst/grp_intra_pingpong_wrapper_fu_1100/mac_muladd_6ns_7ns_8ns_12_4_1_U391/YOLO2_FPGA_mac_muladd_6ns_7ns_8ns_12_4_1_DSP48_8_U/p_reg_reg/C[47:0] is not pipelined. Pipelining DSP48 input will improve performance.
Related violations: <none>

DPOP-1#1 Warning
PREG Output pipelining  
DSP design_2_i/YOLO2_FPGA_0/inst/grp_intra_pingpong_wrapper_fu_1100/grp_pool_yolo24_fu_1874/mul_31ns_34ns_65_5_1_U148/YOLO2_FPGA_mul_31ns_34ns_65_5_1_Multiplier_4_U/tmp_product output design_2_i/YOLO2_FPGA_0/inst/grp_intra_pingpong_wrapper_fu_1100/grp_pool_yolo24_fu_1874/mul_31ns_34ns_65_5_1_U148/YOLO2_FPGA_mul_31ns_34ns_65_5_1_Multiplier_4_U/tmp_product/P[47:0] is not pipelined (PREG=0). Pipelining the DSP48 output will improve performance and often saves power so it is suggested whenever possible to fully pipeline this function.  If this DSP48 function was inferred, it is suggested to describe an additional register stage after this function.  If the DSP48 was instantiated in the design, it is suggested to set the PREG attribute to 1.
Related violations: <none>

DPOP-1#2 Warning
PREG Output pipelining  
DSP design_2_i/YOLO2_FPGA_0/inst/grp_intra_pingpong_wrapper_fu_1100/mul_31ns_34ns_65_5_1_U386/YOLO2_FPGA_mul_31ns_34ns_65_5_1_Multiplier_4_U/tmp_product output design_2_i/YOLO2_FPGA_0/inst/grp_intra_pingpong_wrapper_fu_1100/mul_31ns_34ns_65_5_1_U386/YOLO2_FPGA_mul_31ns_34ns_65_5_1_Multiplier_4_U/tmp_product/P[47:0] is not pipelined (PREG=0). Pipelining the DSP48 output will improve performance and often saves power so it is suggested whenever possible to fully pipeline this function.  If this DSP48 function was inferred, it is suggested to describe an additional register stage after this function.  If the DSP48 was instantiated in the design, it is suggested to set the PREG attribute to 1.
Related violations: <none>

DPOP-1#3 Warning
PREG Output pipelining  
DSP design_2_i/YOLO2_FPGA_0/inst/grp_intra_pingpong_wrapper_fu_1100/mul_31ns_34ns_65_5_1_U387/YOLO2_FPGA_mul_31ns_34ns_65_5_1_Multiplier_4_U/tmp_product output design_2_i/YOLO2_FPGA_0/inst/grp_intra_pingpong_wrapper_fu_1100/mul_31ns_34ns_65_5_1_U387/YOLO2_FPGA_mul_31ns_34ns_65_5_1_Multiplier_4_U/tmp_product/P[47:0] is not pipelined (PREG=0). Pipelining the DSP48 output will improve performance and often saves power so it is suggested whenever possible to fully pipeline this function.  If this DSP48 function was inferred, it is suggested to describe an additional register stage after this function.  If the DSP48 was instantiated in the design, it is suggested to set the PREG attribute to 1.
Related violations: <none>

DPOP-2#1 Warning
MREG Output pipelining  
DSP design_2_i/YOLO2_FPGA_0/inst/grp_intra_pingpong_wrapper_fu_1100/grp_copy_input_weight_fu_1620/grp_input_load_fu_1484/grp_input_pixel_load_fu_337/ret_15_reg_1195_reg multiplier stage design_2_i/YOLO2_FPGA_0/inst/grp_intra_pingpong_wrapper_fu_1100/grp_copy_input_weight_fu_1620/grp_input_load_fu_1484/grp_input_pixel_load_fu_337/ret_15_reg_1195_reg/P[47:0] is not pipelined (MREG=0). Pipelining the multiplier function will improve performance and will save significant power so it is suggested whenever possible to fully pipeline this function.  If this multiplier was inferred, it is suggested to describe an additional register stage after this function.  If there is no registered adder/accumulator following the multiply function, two pipeline stages are suggested to allow both the MREG and PREG registers to be used.  If the DSP48 was instantiated in the design, it is suggested to set both the MREG and PREG attributes to 1 when performing multiply functions.
Related violations: <none>

DPOP-2#2 Warning
MREG Output pipelining  
DSP design_2_i/YOLO2_FPGA_0/inst/grp_intra_pingpong_wrapper_fu_1100/grp_copy_input_weight_fu_1620/grp_input_load_fu_1484/grp_input_pixel_load_fu_337/trunc_ln1346_1_reg_1205_reg multiplier stage design_2_i/YOLO2_FPGA_0/inst/grp_intra_pingpong_wrapper_fu_1100/grp_copy_input_weight_fu_1620/grp_input_load_fu_1484/grp_input_pixel_load_fu_337/trunc_ln1346_1_reg_1205_reg/P[47:0] is not pipelined (MREG=0). Pipelining the multiplier function will improve performance and will save significant power so it is suggested whenever possible to fully pipeline this function.  If this multiplier was inferred, it is suggested to describe an additional register stage after this function.  If there is no registered adder/accumulator following the multiply function, two pipeline stages are suggested to allow both the MREG and PREG registers to be used.  If the DSP48 was instantiated in the design, it is suggested to set both the MREG and PREG attributes to 1 when performing multiply functions.
Related violations: <none>

DPOP-2#3 Warning
MREG Output pipelining  
DSP design_2_i/YOLO2_FPGA_0/inst/grp_intra_pingpong_wrapper_fu_1100/grp_pool_yolo24_fu_1874/mul_31ns_34ns_65_5_1_U148/YOLO2_FPGA_mul_31ns_34ns_65_5_1_Multiplier_4_U/buff0_reg multiplier stage design_2_i/YOLO2_FPGA_0/inst/grp_intra_pingpong_wrapper_fu_1100/grp_pool_yolo24_fu_1874/mul_31ns_34ns_65_5_1_U148/YOLO2_FPGA_mul_31ns_34ns_65_5_1_Multiplier_4_U/buff0_reg/P[47:0] is not pipelined (MREG=0). Pipelining the multiplier function will improve performance and will save significant power so it is suggested whenever possible to fully pipeline this function.  If this multiplier was inferred, it is suggested to describe an additional register stage after this function.  If there is no registered adder/accumulator following the multiply function, two pipeline stages are suggested to allow both the MREG and PREG registers to be used.  If the DSP48 was instantiated in the design, it is suggested to set both the MREG and PREG attributes to 1 when performing multiply functions.
Related violations: <none>

DPOP-2#4 Warning
MREG Output pipelining  
DSP design_2_i/YOLO2_FPGA_0/inst/grp_intra_pingpong_wrapper_fu_1100/mul_31ns_34ns_65_5_1_U386/YOLO2_FPGA_mul_31ns_34ns_65_5_1_Multiplier_4_U/buff0_reg multiplier stage design_2_i/YOLO2_FPGA_0/inst/grp_intra_pingpong_wrapper_fu_1100/mul_31ns_34ns_65_5_1_U386/YOLO2_FPGA_mul_31ns_34ns_65_5_1_Multiplier_4_U/buff0_reg/P[47:0] is not pipelined (MREG=0). Pipelining the multiplier function will improve performance and will save significant power so it is suggested whenever possible to fully pipeline this function.  If this multiplier was inferred, it is suggested to describe an additional register stage after this function.  If there is no registered adder/accumulator following the multiply function, two pipeline stages are suggested to allow both the MREG and PREG registers to be used.  If the DSP48 was instantiated in the design, it is suggested to set both the MREG and PREG attributes to 1 when performing multiply functions.
Related violations: <none>

DPOP-2#5 Warning
MREG Output pipelining  
DSP design_2_i/YOLO2_FPGA_0/inst/grp_intra_pingpong_wrapper_fu_1100/mul_31ns_34ns_65_5_1_U387/YOLO2_FPGA_mul_31ns_34ns_65_5_1_Multiplier_4_U/buff0_reg multiplier stage design_2_i/YOLO2_FPGA_0/inst/grp_intra_pingpong_wrapper_fu_1100/mul_31ns_34ns_65_5_1_U387/YOLO2_FPGA_mul_31ns_34ns_65_5_1_Multiplier_4_U/buff0_reg/P[47:0] is not pipelined (MREG=0). Pipelining the multiplier function will improve performance and will save significant power so it is suggested whenever possible to fully pipeline this function.  If this multiplier was inferred, it is suggested to describe an additional register stage after this function.  If there is no registered adder/accumulator following the multiply function, two pipeline stages are suggested to allow both the MREG and PREG registers to be used.  If the DSP48 was instantiated in the design, it is suggested to set both the MREG and PREG attributes to 1 when performing multiply functions.
Related violations: <none>


